<?xml version="1.0" encoding="UTF-8"?>
<!-- Generated by org.testng.reporters.JUnitReportReporter -->
<testsuite hostname="HYM-PC" name="cn.crazy.appium.testcases.PerInfoTest" tests="2" failures="0" timestamp="17 Aug 2017 09:54:21 GMT" time="284.705" errors="1">
  <testcase name="changePerInfoTest" time="147.303" classname="cn.crazy.appium.testcases.PerInfoTest">
    <error type="java.lang.NullPointerException">
      <![CDATA[java.lang.NullPointerException
	at cn.crazy.appium.base.AndroidDriverBase.swipeOnElement(AndroidDriverBase.java:180)
	at cn.crazy.appium.base.AndroidDriverBase.swipeOnElement(AndroidDriverBase.java:198)
	at cn.crazy.appium.page.PerInfoPage.changePersonInfo(PerInfoPage.java:50)
	at cn.crazy.appium.testcases.PerInfoTest.changePerInfoTest(PerInfoTest.java:47)
	at sun.reflect.NativeMethodAccessorImpl.invoke0(Native Method)
	at sun.reflect.NativeMethodAccessorImpl.invoke(NativeMethodAccessorImpl.java:62)
	at sun.reflect.DelegatingMethodAccessorImpl.invoke(DelegatingMethodAccessorImpl.java:43)
	at java.lang.reflect.Method.invoke(Method.java:498)
	at org.testng.internal.MethodInvocationHelper.invokeMethod(MethodInvocationHelper.java:86)
	at org.testng.internal.Invoker.invokeMethod(Invoker.java:643)
	at org.testng.internal.Invoker.invokeTestMethod(Invoker.java:820)
	at org.testng.internal.Invoker.invokeTestMethods(Invoker.java:1128)
	at org.testng.internal.TestMethodWorker.invokeTestMethods(TestMethodWorker.java:129)
	at org.testng.internal.TestMethodWorker.run(TestMethodWorker.java:112)
	at org.testng.TestRunner.privateRun(TestRunner.java:782)
	at org.testng.TestRunner.run(TestRunner.java:632)
	at org.testng.SuiteRunner.runTest(SuiteRunner.java:366)
	at org.testng.SuiteRunner.access$000(SuiteRunner.java:39)
	at org.testng.SuiteRunner$SuiteWorker.run(SuiteRunner.java:400)
	at org.testng.internal.thread.ThreadUtil$2.call(ThreadUtil.java:64)
	at java.util.concurrent.FutureTask.run(FutureTask.java:266)
	at java.util.concurrent.ThreadPoolExecutor.runWorker(ThreadPoolExecutor.java:1142)
	at java.util.concurrent.ThreadPoolExecutor$Worker.run(ThreadPoolExecutor.java:617)
	at java.lang.Thread.run(Thread.java:748)
]]>
    </error>
  </testcase> <!-- changePerInfoTest -->
  <testcase name="changePerInfoTest" time="137.402" classname="cn.crazy.appium.testcases.PerInfoTest"/>
</testsuite> <!-- cn.crazy.appium.testcases.PerInfoTest -->
