<?xml version="1.0" encoding="UTF-8"?>
<!-- Generated by org.testng.reporters.JUnitReportReporter -->
<testsuite hostname="lixionggang-PC" name="cn.crazy.appium.keyworddriver.TestSuiteByExcel" tests="1" failures="0" timestamp="25 Jun 2016 07:54:06 GMT" time="25.844" errors="0">
  <testcase name="testTestSuite" time="25.844" classname="cn.crazy.appium.keyworddriver.TestSuiteByExcel"/>
</testsuite> <!-- cn.crazy.appium.keyworddriver.TestSuiteByExcel -->
