<?xml version="1.0" encoding="UTF-8"?>
<!-- Generated by org.testng.reporters.JUnitReportReporter -->
<testsuite hostname="PC-20170725TZYG" name="cn.crazy.appium.testcases.HomePageCase" tests="1" failures="0" timestamp="6 Dec 2017 02:50:04 GMT" time="127.244" errors="0">
  <testcase name="homeInActivityCase" time="127.244" classname="cn.crazy.appium.testcases.HomePageCase"/>
</testsuite> <!-- cn.crazy.appium.testcases.HomePageCase -->
