<?xml version="1.0" encoding="UTF-8"?>
<!-- Generated by org.testng.reporters.JUnitReportReporter -->
<testsuite hostname="PC-20170725TZYG" name="cn.crazy.appium.testcases.ZhihuTest" tests="7" failures="0" timestamp="22 Sep 2017 08:54:55 GMT" time="223.079" errors="0">
  <testcase name="login" time="31.633" classname="cn.crazy.appium.testcases.ZhihuTest"/>
  <testcase name="login" time="31.884" classname="cn.crazy.appium.testcases.ZhihuTest"/>
  <testcase name="login" time="31.900" classname="cn.crazy.appium.testcases.ZhihuTest"/>
  <testcase name="login" time="31.663" classname="cn.crazy.appium.testcases.ZhihuTest"/>
  <testcase name="login" time="34.500" classname="cn.crazy.appium.testcases.ZhihuTest"/>
  <testcase name="login" time="30.352" classname="cn.crazy.appium.testcases.ZhihuTest"/>
  <testcase name="login" time="31.147" classname="cn.crazy.appium.testcases.ZhihuTest"/>
</testsuite> <!-- cn.crazy.appium.testcases.ZhihuTest -->
