<?xml version="1.0" encoding="UTF-8"?>
<!-- Generated by org.testng.reporters.JUnitReportReporter -->
<testsuite hostname="PC-20170725TZYG" name="cn.crazy.appium.testcases.LoginRegister" tests="23" failures="0" timestamp="10 Oct 2017 06:15:43 GMT" time="630.125" errors="0">
  <testcase name="login" time="22.502" classname="cn.crazy.appium.testcases.LoginRegister"/>
  <testcase name="login" time="22.549" classname="cn.crazy.appium.testcases.LoginRegister"/>
  <testcase name="regCase" time="23.579" classname="cn.crazy.appium.testcases.LoginRegister"/>
  <testcase name="forget" time="24.279" classname="cn.crazy.appium.testcases.LoginRegister"/>
  <testcase name="forget" time="23.798" classname="cn.crazy.appium.testcases.LoginRegister"/>
  <testcase name="forget" time="23.036" classname="cn.crazy.appium.testcases.LoginRegister"/>
  <testcase name="regCase" time="51.515" classname="cn.crazy.appium.testcases.LoginRegister"/>
  <testcase name="regCase" time="23.855" classname="cn.crazy.appium.testcases.LoginRegister"/>
  <testcase name="login" time="23.207" classname="cn.crazy.appium.testcases.LoginRegister"/>
  <testcase name="regCase" time="23.525" classname="cn.crazy.appium.testcases.LoginRegister"/>
  <testcase name="regCase" time="23.034" classname="cn.crazy.appium.testcases.LoginRegister"/>
  <testcase name="forget" time="24.160" classname="cn.crazy.appium.testcases.LoginRegister"/>
  <testcase name="forget" time="22.520" classname="cn.crazy.appium.testcases.LoginRegister"/>
  <testcase name="regCase" time="23.988" classname="cn.crazy.appium.testcases.LoginRegister"/>
  <testcase name="forget" time="94.675" classname="cn.crazy.appium.testcases.LoginRegister"/>
  <testcase name="login" time="21.910" classname="cn.crazy.appium.testcases.LoginRegister"/>
  <testcase name="regCase" time="23.994" classname="cn.crazy.appium.testcases.LoginRegister"/>
  <testcase name="forget" time="23.782" classname="cn.crazy.appium.testcases.LoginRegister"/>
  <testcase name="forget" time="21.727" classname="cn.crazy.appium.testcases.LoginRegister"/>
  <testcase name="login" time="21.383" classname="cn.crazy.appium.testcases.LoginRegister"/>
  <testcase name="login" time="22.885" classname="cn.crazy.appium.testcases.LoginRegister"/>
  <testcase name="login" time="21.014" classname="cn.crazy.appium.testcases.LoginRegister"/>
  <testcase name="regCase" time="23.208" classname="cn.crazy.appium.testcases.LoginRegister"/>
</testsuite> <!-- cn.crazy.appium.testcases.LoginRegister -->
